Determining if the pthread_create exist failed with the following output:
Change Dir: /home/hermit/Downloads/CG_UFPel/CMakeFiles/CMakeTmp

Run Build Command:"/usr/bin/make" "cmTC_ae9fb/fast"
/usr/bin/make -f CMakeFiles/cmTC_ae9fb.dir/build.make CMakeFiles/cmTC_ae9fb.dir/build
make[1]: Entering directory '/media/Personal/Downloads/CG_UFPel/CMakeFiles/CMakeTmp'
Building C object CMakeFiles/cmTC_ae9fb.dir/CheckSymbolExists.c.o
/usr/bin/cc     -o CMakeFiles/cmTC_ae9fb.dir/CheckSymbolExists.c.o   -c /home/hermit/Downloads/CG_UFPel/CMakeFiles/CMakeTmp/CheckSymbolExists.c
Linking C executable cmTC_ae9fb
/usr/bin/cmake -E cmake_link_script CMakeFiles/cmTC_ae9fb.dir/link.txt --verbose=1
/usr/bin/cc       CMakeFiles/cmTC_ae9fb.dir/CheckSymbolExists.c.o  -o cmTC_ae9fb -rdynamic 
CMakeFiles/cmTC_ae9fb.dir/CheckSymbolExists.c.o: In function `main':
CheckSymbolExists.c:(.text+0x16): undefined reference to `pthread_create'
collect2: error: ld returned 1 exit status
CMakeFiles/cmTC_ae9fb.dir/build.make:97: recipe for target 'cmTC_ae9fb' failed
make[1]: *** [cmTC_ae9fb] Error 1
make[1]: Leaving directory '/media/Personal/Downloads/CG_UFPel/CMakeFiles/CMakeTmp'
Makefile:126: recipe for target 'cmTC_ae9fb/fast' failed
make: *** [cmTC_ae9fb/fast] Error 2

File /home/hermit/Downloads/CG_UFPel/CMakeFiles/CMakeTmp/CheckSymbolExists.c:
/* */
#include <pthread.h>

int main(int argc, char** argv)
{
  (void)argv;
#ifndef pthread_create
  return ((int*)(&pthread_create))[argc];
#else
  (void)argc;
  return 0;
#endif
}

Determining if the function pthread_create exists in the pthreads failed with the following output:
Change Dir: /home/hermit/Downloads/CG_UFPel/CMakeFiles/CMakeTmp

Run Build Command:"/usr/bin/make" "cmTC_1e634/fast"
/usr/bin/make -f CMakeFiles/cmTC_1e634.dir/build.make CMakeFiles/cmTC_1e634.dir/build
make[1]: Entering directory '/media/Personal/Downloads/CG_UFPel/CMakeFiles/CMakeTmp'
Building C object CMakeFiles/cmTC_1e634.dir/CheckFunctionExists.c.o
/usr/bin/cc    -DCHECK_FUNCTION_EXISTS=pthread_create   -o CMakeFiles/cmTC_1e634.dir/CheckFunctionExists.c.o   -c /usr/share/cmake-3.5/Modules/CheckFunctionExists.c
Linking C executable cmTC_1e634
/usr/bin/cmake -E cmake_link_script CMakeFiles/cmTC_1e634.dir/link.txt --verbose=1
/usr/bin/cc   -DCHECK_FUNCTION_EXISTS=pthread_create    CMakeFiles/cmTC_1e634.dir/CheckFunctionExists.c.o  -o cmTC_1e634 -rdynamic -lpthreads 
/usr/bin/ld: cannot find -lpthreads
collect2: error: ld returned 1 exit status
CMakeFiles/cmTC_1e634.dir/build.make:97: recipe for target 'cmTC_1e634' failed
make[1]: *** [cmTC_1e634] Error 1
make[1]: Leaving directory '/media/Personal/Downloads/CG_UFPel/CMakeFiles/CMakeTmp'
Makefile:126: recipe for target 'cmTC_1e634/fast' failed
make: *** [cmTC_1e634/fast] Error 2


Determining if the function glXGetProcAddressEXT exists failed with the following output:
Change Dir: /home/hermit/Downloads/CG_UFPel/CMakeFiles/CMakeTmp

Run Build Command:"/usr/bin/make" "cmTC_10493/fast"
/usr/bin/make -f CMakeFiles/cmTC_10493.dir/build.make CMakeFiles/cmTC_10493.dir/build
make[1]: Entering directory '/media/Personal/Downloads/CG_UFPel/CMakeFiles/CMakeTmp'
Building C object CMakeFiles/cmTC_10493.dir/CheckFunctionExists.c.o
/usr/bin/cc    -DCHECK_FUNCTION_EXISTS=glXGetProcAddressEXT   -o CMakeFiles/cmTC_10493.dir/CheckFunctionExists.c.o   -c /usr/share/cmake-3.5/Modules/CheckFunctionExists.c
Linking C executable cmTC_10493
/usr/bin/cmake -E cmake_link_script CMakeFiles/cmTC_10493.dir/link.txt --verbose=1
/usr/bin/cc   -DCHECK_FUNCTION_EXISTS=glXGetProcAddressEXT    CMakeFiles/cmTC_10493.dir/CheckFunctionExists.c.o  -o cmTC_10493 -rdynamic /usr/lib/x86_64-linux-gnu/libGL.so 
CMakeFiles/cmTC_10493.dir/CheckFunctionExists.c.o: In function `main':
CheckFunctionExists.c:(.text+0x15): undefined reference to `glXGetProcAddressEXT'
collect2: error: ld returned 1 exit status
CMakeFiles/cmTC_10493.dir/build.make:98: recipe for target 'cmTC_10493' failed
make[1]: *** [cmTC_10493] Error 1
make[1]: Leaving directory '/media/Personal/Downloads/CG_UFPel/CMakeFiles/CMakeTmp'
Makefile:126: recipe for target 'cmTC_10493/fast' failed
make: *** [cmTC_10493/fast] Error 2


